vendor/github.com/DataDog/datadog-agent/pkg/proto/pbgo/trace/stats.pb.go
vendor/github.com/DataDog/gostackparse/fuzz.go
vendor/github.com/KyleBanks/depth/depth.go
vendor/github.com/afex/hystrix-go/hystrix/doc.go
vendor/github.com/allegro/bigcache/v3/bytes.go
vendor/github.com/allegro/bigcache/v3/bytes_appengine.go
vendor/github.com/apache/arrow/go/v15/arrow/internal/debug/assert_off.go
vendor/github.com/apache/arrow/go/v15/arrow/internal/debug/assert_on.go
vendor/github.com/apache/arrow/go/v15/arrow/internal/debug/doc.go
vendor/github.com/apache/arrow/go/v15/arrow/internal/debug/log_off.go
vendor/github.com/apache/arrow/go/v15/arrow/internal/debug/log_on.go
vendor/github.com/apache/arrow/go/v15/arrow/internal/debug/util.go
vendor/github.com/apache/arrow/go/v15/arrow/internal/flatbuf/Binary.go
vendor/github.com/apache/arrow/go/v15/arrow/internal/flatbuf/BinaryView.go
vendor/github.com/apache/arrow/go/v15/arrow/internal/flatbuf/Block.go
vendor/github.com/apache/arrow/go/v15/arrow/internal/flatbuf/BodyCompression.go
vendor/github.com/apache/arrow/go/v15/arrow/internal/flatbuf/BodyCompressionMethod.go
vendor/github.com/apache/arrow/go/v15/arrow/internal/flatbuf/Buffer.go
vendor/github.com/apache/arrow/go/v15/arrow/internal/flatbuf/Date.go
vendor/github.com/apache/arrow/go/v15/arrow/internal/flatbuf/Decimal.go
vendor/github.com/apache/arrow/go/v15/arrow/internal/flatbuf/DictionaryBatch.go
vendor/github.com/apache/arrow/go/v15/arrow/internal/flatbuf/DictionaryEncoding.go
vendor/github.com/apache/arrow/go/v15/arrow/internal/flatbuf/DictionaryKind.go
vendor/github.com/apache/arrow/go/v15/arrow/internal/flatbuf/Endianness.go
vendor/github.com/apache/arrow/go/v15/arrow/internal/flatbuf/Feature.go
vendor/github.com/apache/arrow/go/v15/arrow/internal/flatbuf/Field.go
vendor/github.com/apache/arrow/go/v15/arrow/internal/flatbuf/FieldNode.go
vendor/github.com/apache/arrow/go/v15/arrow/internal/flatbuf/FixedSizeBinary.go
vendor/github.com/apache/arrow/go/v15/arrow/internal/flatbuf/FixedSizeList.go
vendor/github.com/apache/arrow/go/v15/arrow/internal/flatbuf/Footer.go
vendor/github.com/apache/arrow/go/v15/arrow/internal/flatbuf/KeyValue.go
vendor/github.com/apache/arrow/go/v15/arrow/internal/flatbuf/LargeBinary.go
vendor/github.com/apache/arrow/go/v15/arrow/internal/flatbuf/LargeList.go
vendor/github.com/apache/arrow/go/v15/arrow/internal/flatbuf/LargeListView.go
vendor/github.com/apache/arrow/go/v15/arrow/internal/flatbuf/LargeUtf8.go
vendor/github.com/apache/arrow/go/v15/arrow/internal/flatbuf/ListView.go
vendor/github.com/apache/arrow/go/v15/arrow/internal/flatbuf/Map.go
vendor/github.com/apache/arrow/go/v15/arrow/internal/flatbuf/MessageHeader.go
vendor/github.com/apache/arrow/go/v15/arrow/internal/flatbuf/Null.go
vendor/github.com/apache/arrow/go/v15/arrow/internal/flatbuf/RecordBatch.go
vendor/github.com/apache/arrow/go/v15/arrow/internal/flatbuf/RunEndEncoded.go
vendor/github.com/apache/arrow/go/v15/arrow/internal/flatbuf/Schema.go
vendor/github.com/apache/arrow/go/v15/arrow/internal/flatbuf/SparseMatrixIndexCSR.go
vendor/github.com/apache/arrow/go/v15/arrow/internal/flatbuf/SparseMatrixIndexCSX.go
vendor/github.com/apache/arrow/go/v15/arrow/internal/flatbuf/SparseTensor.go
vendor/github.com/apache/arrow/go/v15/arrow/internal/flatbuf/SparseTensorIndexCOO.go
vendor/github.com/apache/arrow/go/v15/arrow/internal/flatbuf/SparseTensorIndexCSF.go
vendor/github.com/apache/arrow/go/v15/arrow/internal/flatbuf/Struct_.go
vendor/github.com/apache/arrow/go/v15/arrow/internal/flatbuf/Tensor.go
vendor/github.com/apache/arrow/go/v15/arrow/internal/flatbuf/TensorDim.go
vendor/github.com/apache/arrow/go/v15/arrow/internal/flatbuf/Time.go
vendor/github.com/apache/arrow/go/v15/arrow/internal/flatbuf/Timestamp.go
vendor/github.com/apache/arrow/go/v15/arrow/internal/flatbuf/Type.go
vendor/github.com/apache/arrow/go/v15/arrow/internal/flatbuf/Union.go
vendor/github.com/apache/arrow/go/v15/arrow/internal/flatbuf/Utf8.go
vendor/github.com/apache/arrow/go/v15/arrow/internal/flatbuf/Utf8View.go
vendor/github.com/apache/arrow/go/v15/arrow/memory/cgo_allocator.go
vendor/github.com/apache/arrow/go/v15/arrow/memory/cgo_allocator_defaults.go
vendor/github.com/apache/arrow/go/v15/arrow/memory/cgo_allocator_logging.go
vendor/github.com/apache/arrow/go/v15/arrow/memory/memory_amd64.go
vendor/github.com/apache/arrow/go/v15/arrow/memory/memory_arm64.go
vendor/github.com/apache/arrow/go/v15/arrow/memory/memory_avx2_amd64.go
vendor/github.com/apache/arrow/go/v15/arrow/memory/memory_js_wasm.go
vendor/github.com/apache/arrow/go/v15/arrow/memory/memory_neon_arm64.go
vendor/github.com/apache/arrow/go/v15/arrow/memory/memory_noasm.go
vendor/github.com/apache/arrow/go/v15/arrow/memory/memory_sse4_amd64.go
vendor/github.com/aws/smithy-go/document/document.go
vendor/github.com/aws/smithy-go/encoding/xml/doc.go
vendor/github.com/aws/smithy-go/middleware/doc.go
vendor/github.com/aws/smithy-go/middleware/stack.go
vendor/github.com/beorn7/perks/quantile/stream.go
vendor/github.com/bytedance/sonic/internal/compat/warn.go
vendor/github.com/bytedance/sonic/internal/native/avx2/f32toa.go
vendor/github.com/bytedance/sonic/internal/native/avx2/f32toa_subr.go
vendor/github.com/bytedance/sonic/internal/native/avx2/f32toa_text_amd64.go
vendor/github.com/bytedance/sonic/internal/native/avx2/f64toa.go
vendor/github.com/bytedance/sonic/internal/native/avx2/f64toa_subr.go
vendor/github.com/bytedance/sonic/internal/native/avx2/f64toa_text_amd64.go
vendor/github.com/bytedance/sonic/internal/native/avx2/get_by_path.go
vendor/github.com/bytedance/sonic/internal/native/avx2/html_escape.go
vendor/github.com/bytedance/sonic/internal/native/avx2/html_escape_subr.go
vendor/github.com/bytedance/sonic/internal/native/avx2/html_escape_text_amd64.go
vendor/github.com/bytedance/sonic/internal/native/avx2/i64toa.go
vendor/github.com/bytedance/sonic/internal/native/avx2/i64toa_subr.go
vendor/github.com/bytedance/sonic/internal/native/avx2/i64toa_text_amd64.go
vendor/github.com/bytedance/sonic/internal/native/avx2/lspace.go
vendor/github.com/bytedance/sonic/internal/native/avx2/lspace_subr.go
vendor/github.com/bytedance/sonic/internal/native/avx2/lspace_text_amd64.go
vendor/github.com/bytedance/sonic/internal/native/avx2/parse_with_padding.go
vendor/github.com/bytedance/sonic/internal/native/avx2/parse_with_padding_subr.go
vendor/github.com/bytedance/sonic/internal/native/avx2/parse_with_padding_text_amd64.go
vendor/github.com/bytedance/sonic/internal/native/avx2/quote.go
vendor/github.com/bytedance/sonic/internal/native/avx2/quote_subr.go
vendor/github.com/bytedance/sonic/internal/native/avx2/quote_text_amd64.go
vendor/github.com/bytedance/sonic/internal/native/avx2/skip_array.go
vendor/github.com/bytedance/sonic/internal/native/avx2/skip_number.go
vendor/github.com/bytedance/sonic/internal/native/avx2/skip_number_subr.go
vendor/github.com/bytedance/sonic/internal/native/avx2/skip_number_text_amd64.go
vendor/github.com/bytedance/sonic/internal/native/avx2/skip_object.go
vendor/github.com/bytedance/sonic/internal/native/avx2/skip_one.go
vendor/github.com/bytedance/sonic/internal/native/avx2/skip_one_fast.go
vendor/github.com/bytedance/sonic/internal/native/avx2/u64toa.go
vendor/github.com/bytedance/sonic/internal/native/avx2/u64toa_subr.go
vendor/github.com/bytedance/sonic/internal/native/avx2/u64toa_text_amd64.go
vendor/github.com/bytedance/sonic/internal/native/avx2/unquote.go
vendor/github.com/bytedance/sonic/internal/native/avx2/unquote_subr.go
vendor/github.com/bytedance/sonic/internal/native/avx2/unquote_text_amd64.go
vendor/github.com/bytedance/sonic/internal/native/avx2/validate_one.go
vendor/github.com/bytedance/sonic/internal/native/avx2/validate_utf8.go
vendor/github.com/bytedance/sonic/internal/native/avx2/validate_utf8_fast.go
vendor/github.com/bytedance/sonic/internal/native/avx2/validate_utf8_fast_subr.go
vendor/github.com/bytedance/sonic/internal/native/avx2/validate_utf8_fast_text_amd64.go
vendor/github.com/bytedance/sonic/internal/native/avx2/validate_utf8_subr.go
vendor/github.com/bytedance/sonic/internal/native/avx2/validate_utf8_text_amd64.go
vendor/github.com/bytedance/sonic/internal/native/avx2/value.go
vendor/github.com/bytedance/sonic/internal/native/avx2/vnumber.go
vendor/github.com/bytedance/sonic/internal/native/avx2/vnumber_subr.go
vendor/github.com/bytedance/sonic/internal/native/avx2/vnumber_text_amd64.go
vendor/github.com/bytedance/sonic/internal/native/avx2/vsigned.go
vendor/github.com/bytedance/sonic/internal/native/avx2/vsigned_subr.go
vendor/github.com/bytedance/sonic/internal/native/avx2/vsigned_text_amd64.go
vendor/github.com/bytedance/sonic/internal/native/avx2/vstring.go
vendor/github.com/bytedance/sonic/internal/native/avx2/vunsigned.go
vendor/github.com/bytedance/sonic/internal/native/avx2/vunsigned_subr.go
vendor/github.com/bytedance/sonic/internal/native/avx2/vunsigned_text_amd64.go
vendor/github.com/bytedance/sonic/internal/native/neon/f32toa_arm64.go
vendor/github.com/bytedance/sonic/internal/native/neon/f32toa_subr_arm64.go
vendor/github.com/bytedance/sonic/internal/native/neon/f64toa_arm64.go
vendor/github.com/bytedance/sonic/internal/native/neon/f64toa_subr_arm64.go
vendor/github.com/bytedance/sonic/internal/native/neon/get_by_path_arm64.go
vendor/github.com/bytedance/sonic/internal/native/neon/get_by_path_subr_arm64.go
vendor/github.com/bytedance/sonic/internal/native/neon/html_escape_arm64.go
vendor/github.com/bytedance/sonic/internal/native/neon/html_escape_subr_arm64.go
vendor/github.com/bytedance/sonic/internal/native/neon/i64toa_arm64.go
vendor/github.com/bytedance/sonic/internal/native/neon/i64toa_subr_arm64.go
vendor/github.com/bytedance/sonic/internal/native/neon/lspace_arm64.go
vendor/github.com/bytedance/sonic/internal/native/neon/lspace_subr_arm64.go
vendor/github.com/bytedance/sonic/internal/native/neon/parse_with_padding_arm64.go
vendor/github.com/bytedance/sonic/internal/native/neon/parse_with_padding_subr_arm64.go
vendor/github.com/bytedance/sonic/internal/native/neon/quote_arm64.go
vendor/github.com/bytedance/sonic/internal/native/neon/quote_subr_arm64.go
vendor/github.com/bytedance/sonic/internal/native/neon/skip_array_arm64.go
vendor/github.com/bytedance/sonic/internal/native/neon/skip_array_subr_arm64.go
vendor/github.com/bytedance/sonic/internal/native/neon/skip_number_arm64.go
vendor/github.com/bytedance/sonic/internal/native/neon/skip_number_subr_arm64.go
vendor/github.com/bytedance/sonic/internal/native/neon/skip_object_arm64.go
vendor/github.com/bytedance/sonic/internal/native/neon/skip_object_subr_arm64.go
vendor/github.com/bytedance/sonic/internal/native/neon/skip_one_arm64.go
vendor/github.com/bytedance/sonic/internal/native/neon/skip_one_fast_arm64.go
vendor/github.com/bytedance/sonic/internal/native/neon/skip_one_fast_subr_arm64.go
vendor/github.com/bytedance/sonic/internal/native/neon/skip_one_subr_arm64.go
vendor/github.com/bytedance/sonic/internal/native/neon/u64toa_arm64.go
vendor/github.com/bytedance/sonic/internal/native/neon/u64toa_subr_arm64.go
vendor/github.com/bytedance/sonic/internal/native/neon/unquote_arm64.go
vendor/github.com/bytedance/sonic/internal/native/neon/unquote_subr_arm64.go
vendor/github.com/bytedance/sonic/internal/native/neon/validate_one_arm64.go
vendor/github.com/bytedance/sonic/internal/native/neon/validate_one_subr_arm64.go
vendor/github.com/bytedance/sonic/internal/native/neon/validate_utf8_arm64.go
vendor/github.com/bytedance/sonic/internal/native/neon/validate_utf8_fast_arm64.go
vendor/github.com/bytedance/sonic/internal/native/neon/validate_utf8_fast_subr_arm64.go
vendor/github.com/bytedance/sonic/internal/native/neon/validate_utf8_subr_arm64.go
vendor/github.com/bytedance/sonic/internal/native/neon/value_arm64.go
vendor/github.com/bytedance/sonic/internal/native/neon/value_subr_arm64.go
vendor/github.com/bytedance/sonic/internal/native/neon/vnumber_arm64.go
vendor/github.com/bytedance/sonic/internal/native/neon/vnumber_subr_arm64.go
vendor/github.com/bytedance/sonic/internal/native/neon/vsigned_arm64.go
vendor/github.com/bytedance/sonic/internal/native/neon/vsigned_subr_arm64.go
vendor/github.com/bytedance/sonic/internal/native/neon/vstring_arm64.go
vendor/github.com/bytedance/sonic/internal/native/neon/vstring_subr_arm64.go
vendor/github.com/bytedance/sonic/internal/native/neon/vunsigned_arm64.go
vendor/github.com/bytedance/sonic/internal/native/neon/vunsigned_subr_arm64.go
vendor/github.com/bytedance/sonic/internal/native/sse/f32toa.go
vendor/github.com/bytedance/sonic/internal/native/sse/f32toa_subr.go
vendor/github.com/bytedance/sonic/internal/native/sse/f32toa_text_amd64.go
vendor/github.com/bytedance/sonic/internal/native/sse/f64toa.go
vendor/github.com/bytedance/sonic/internal/native/sse/f64toa_subr.go
vendor/github.com/bytedance/sonic/internal/native/sse/f64toa_text_amd64.go
vendor/github.com/bytedance/sonic/internal/native/sse/get_by_path.go
vendor/github.com/bytedance/sonic/internal/native/sse/html_escape.go
vendor/github.com/bytedance/sonic/internal/native/sse/html_escape_subr.go
vendor/github.com/bytedance/sonic/internal/native/sse/html_escape_text_amd64.go
vendor/github.com/bytedance/sonic/internal/native/sse/i64toa.go
vendor/github.com/bytedance/sonic/internal/native/sse/i64toa_subr.go
vendor/github.com/bytedance/sonic/internal/native/sse/i64toa_text_amd64.go
vendor/github.com/bytedance/sonic/internal/native/sse/lspace.go
vendor/github.com/bytedance/sonic/internal/native/sse/lspace_subr.go
vendor/github.com/bytedance/sonic/internal/native/sse/lspace_text_amd64.go
vendor/github.com/bytedance/sonic/internal/native/sse/parse_with_padding.go
vendor/github.com/bytedance/sonic/internal/native/sse/parse_with_padding_subr.go
vendor/github.com/bytedance/sonic/internal/native/sse/parse_with_padding_text_amd64.go
vendor/github.com/bytedance/sonic/internal/native/sse/quote.go
vendor/github.com/bytedance/sonic/internal/native/sse/quote_subr.go
vendor/github.com/bytedance/sonic/internal/native/sse/quote_text_amd64.go
vendor/github.com/bytedance/sonic/internal/native/sse/skip_array.go
vendor/github.com/bytedance/sonic/internal/native/sse/skip_number.go
vendor/github.com/bytedance/sonic/internal/native/sse/skip_number_subr.go
vendor/github.com/bytedance/sonic/internal/native/sse/skip_number_text_amd64.go
vendor/github.com/bytedance/sonic/internal/native/sse/skip_object.go
vendor/github.com/bytedance/sonic/internal/native/sse/skip_one.go
vendor/github.com/bytedance/sonic/internal/native/sse/skip_one_fast.go
vendor/github.com/bytedance/sonic/internal/native/sse/u64toa.go
vendor/github.com/bytedance/sonic/internal/native/sse/u64toa_subr.go
vendor/github.com/bytedance/sonic/internal/native/sse/u64toa_text_amd64.go
vendor/github.com/bytedance/sonic/internal/native/sse/unquote.go
vendor/github.com/bytedance/sonic/internal/native/sse/unquote_subr.go
vendor/github.com/bytedance/sonic/internal/native/sse/unquote_text_amd64.go
vendor/github.com/bytedance/sonic/internal/native/sse/validate_one.go
vendor/github.com/bytedance/sonic/internal/native/sse/validate_utf8.go
vendor/github.com/bytedance/sonic/internal/native/sse/validate_utf8_fast.go
vendor/github.com/bytedance/sonic/internal/native/sse/validate_utf8_fast_subr.go
vendor/github.com/bytedance/sonic/internal/native/sse/validate_utf8_fast_text_amd64.go
vendor/github.com/bytedance/sonic/internal/native/sse/validate_utf8_subr.go
vendor/github.com/bytedance/sonic/internal/native/sse/validate_utf8_text_amd64.go
vendor/github.com/bytedance/sonic/internal/native/sse/value.go
vendor/github.com/bytedance/sonic/internal/native/sse/vnumber.go
vendor/github.com/bytedance/sonic/internal/native/sse/vnumber_subr.go
vendor/github.com/bytedance/sonic/internal/native/sse/vnumber_text_amd64.go
vendor/github.com/bytedance/sonic/internal/native/sse/vsigned.go
vendor/github.com/bytedance/sonic/internal/native/sse/vsigned_subr.go
vendor/github.com/bytedance/sonic/internal/native/sse/vsigned_text_amd64.go
vendor/github.com/bytedance/sonic/internal/native/sse/vstring.go
vendor/github.com/bytedance/sonic/internal/native/sse/vunsigned.go
vendor/github.com/bytedance/sonic/internal/native/sse/vunsigned_subr.go
vendor/github.com/bytedance/sonic/internal/native/sse/vunsigned_text_amd64.go
vendor/github.com/bytedance/sonic/internal/native/types/types.go
vendor/github.com/bytedance/sonic/loader/funcdata.go
vendor/github.com/bytedance/sonic/loader/funcdata_compat.go
vendor/github.com/bytedance/sonic/loader/funcdata_go117.go
vendor/github.com/bytedance/sonic/loader/funcdata_go118.go
vendor/github.com/bytedance/sonic/loader/funcdata_go120.go
vendor/github.com/bytedance/sonic/loader/funcdata_go121.go
vendor/github.com/bytedance/sonic/loader/funcdata_go123.go
vendor/github.com/bytedance/sonic/loader/funcdata_go126.go
vendor/github.com/bytedance/sonic/loader/funcdata_legacy.go
vendor/github.com/bytedance/sonic/loader/internal/abi/abi.go
vendor/github.com/bytedance/sonic/loader/internal/abi/stubs.go
vendor/github.com/bytedance/sonic/loader/internal/rt/fastmem.go
vendor/github.com/bytedance/sonic/loader/internal/rt/fastvalue.go
vendor/github.com/bytedance/sonic/loader/internal/rt/stackmap.go
vendor/github.com/bytedance/sonic/loader/loader.go
vendor/github.com/bytedance/sonic/loader/mmap_unix.go
vendor/github.com/bytedance/sonic/loader/mmap_windows.go
vendor/github.com/bytedance/sonic/loader/moduledata.go
vendor/github.com/bytedance/sonic/loader/pcdata.go
vendor/github.com/bytedance/sonic/loader/register.go
vendor/github.com/bytedance/sonic/loader/register_tango.go
vendor/github.com/bytedance/sonic/loader/stubs.go
vendor/github.com/bytedance/sonic/loader/wrapper.go
vendor/github.com/cenkalti/backoff/v4/exponential.go
vendor/github.com/cihub/seelog/behavior_adaptivelogger.go
vendor/github.com/cihub/seelog/dispatch_custom.go
vendor/github.com/cihub/seelog/doc.go
vendor/github.com/cihub/seelog/log.go
vendor/github.com/cloudwego/base64x/base64x.go
vendor/github.com/cloudwego/base64x/base64x_subr_amd64.go
vendor/github.com/cloudwego/base64x/faststr.go
vendor/github.com/cloudwego/base64x/internal/native/avx2/b64decode.go
vendor/github.com/cloudwego/base64x/internal/native/avx2/b64decode_subr.go
vendor/github.com/cloudwego/base64x/internal/native/avx2/b64decode_text_amd64.go
vendor/github.com/cloudwego/base64x/internal/native/avx2/b64encode.go
vendor/github.com/cloudwego/base64x/internal/native/avx2/b64encode_subr.go
vendor/github.com/cloudwego/base64x/internal/native/avx2/b64encode_text_amd64.go
vendor/github.com/cloudwego/base64x/internal/native/avx2/native_export.go
vendor/github.com/cloudwego/base64x/internal/native/dispatch.go
vendor/github.com/cloudwego/base64x/internal/native/sse/b64decode.go
vendor/github.com/cloudwego/base64x/internal/native/sse/b64decode_subr.go
vendor/github.com/cloudwego/base64x/internal/native/sse/b64decode_text_amd64.go
vendor/github.com/cloudwego/base64x/internal/native/sse/b64encode.go
vendor/github.com/cloudwego/base64x/internal/native/sse/b64encode_subr.go
vendor/github.com/cloudwego/base64x/internal/native/sse/b64encode_text_amd64.go
vendor/github.com/cloudwego/base64x/internal/native/sse/native_export.go
vendor/github.com/cloudwego/base64x/internal/rt/fastmem.go
vendor/github.com/common-nighthawk/go-figure/bindata.go
vendor/github.com/common-nighthawk/go-figure/public_methods.go
vendor/github.com/confluentinc/confluent-kafka-go/v2/kafka/adminapi.go
vendor/github.com/confluentinc/confluent-kafka-go/v2/kafka/build_darwin_amd64.go
vendor/github.com/confluentinc/confluent-kafka-go/v2/kafka/build_darwin_arm64.go
vendor/github.com/confluentinc/confluent-kafka-go/v2/kafka/build_glibc_linux_amd64.go
vendor/github.com/confluentinc/confluent-kafka-go/v2/kafka/build_glibc_linux_arm64.go
vendor/github.com/confluentinc/confluent-kafka-go/v2/kafka/build_glibc_linux_s390x.go
vendor/github.com/confluentinc/confluent-kafka-go/v2/kafka/build_musl_linux_amd64.go
vendor/github.com/confluentinc/confluent-kafka-go/v2/kafka/build_musl_linux_arm64.go
vendor/github.com/confluentinc/confluent-kafka-go/v2/kafka/build_windows.go
vendor/github.com/coocood/freecache/ringbuf.go
vendor/github.com/davecgh/go-spew/spew/bypass.go
vendor/github.com/davecgh/go-spew/spew/bypasssafe.go
vendor/github.com/davecgh/go-spew/spew/config.go
vendor/github.com/davecgh/go-spew/spew/doc.go
vendor/github.com/davecgh/go-spew/spew/dump.go
vendor/github.com/elastic/elastic-transport-go/v8/elastictransport/elastictransport.go
vendor/github.com/elastic/go-elasticsearch/v8/esapi/doc.go
vendor/github.com/emicklei/go-restful/v3/response.go
vendor/github.com/emicklei/go-restful/v3/web_service.go
vendor/github.com/felixge/httpsnoop/wrap_generated_gteq_1.8.go
vendor/github.com/felixge/httpsnoop/wrap_generated_lt_1.8.go
vendor/github.com/globocom/echo-prometheus/middleware.go
vendor/github.com/go-ole/go-ole/com.go
vendor/github.com/go-ole/go-ole/com_func.go
vendor/github.com/go-ole/go-ole/error_func.go
vendor/github.com/go-ole/go-ole/error_windows.go
vendor/github.com/go-ole/go-ole/guid.go
vendor/github.com/go-ole/go-ole/iconnectionpoint_func.go
vendor/github.com/go-ole/go-ole/iconnectionpoint_windows.go
vendor/github.com/go-ole/go-ole/iconnectionpointcontainer_func.go
vendor/github.com/go-ole/go-ole/iconnectionpointcontainer_windows.go
vendor/github.com/go-ole/go-ole/idispatch_func.go
vendor/github.com/go-ole/go-ole/ienumvariant_func.go
vendor/github.com/go-ole/go-ole/ienumvariant_windows.go
vendor/github.com/go-ole/go-ole/iinspectable_func.go
vendor/github.com/go-ole/go-ole/iinspectable_windows.go
vendor/github.com/go-ole/go-ole/iprovideclassinfo_func.go
vendor/github.com/go-ole/go-ole/iprovideclassinfo_windows.go
vendor/github.com/go-ole/go-ole/itypeinfo_func.go
vendor/github.com/go-ole/go-ole/itypeinfo_windows.go
vendor/github.com/go-ole/go-ole/iunknown_func.go
vendor/github.com/go-ole/go-ole/iunknown_windows.go
vendor/github.com/go-ole/go-ole/oleutil/connection.go
vendor/github.com/go-ole/go-ole/oleutil/connection_func.go
vendor/github.com/go-ole/go-ole/oleutil/connection_windows.go
vendor/github.com/go-ole/go-ole/oleutil/go-get.go
vendor/github.com/go-ole/go-ole/safearray_func.go
vendor/github.com/go-ole/go-ole/safearray_windows.go
vendor/github.com/go-ole/go-ole/safearrayconversion.go
vendor/github.com/go-ole/go-ole/safearrayslices.go
vendor/github.com/go-ole/go-ole/variables.go
vendor/github.com/go-ole/go-ole/variant_386.go
vendor/github.com/go-ole/go-ole/variant_amd64.go
vendor/github.com/go-ole/go-ole/variant_arm.go
vendor/github.com/go-ole/go-ole/variant_date_386.go
vendor/github.com/go-ole/go-ole/variant_date_amd64.go
vendor/github.com/go-ole/go-ole/variant_date_arm.go
vendor/github.com/go-ole/go-ole/variant_ppc64le.go
vendor/github.com/go-ole/go-ole/variant_s390x.go
vendor/github.com/go-ole/go-ole/winrt.go
vendor/github.com/go-ole/go-ole/winrt_doc.go
vendor/github.com/go-playground/validator/v10/regexes.go
vendor/github.com/go-redis/redis/v7/internal/once.go
vendor/github.com/go-redis/redis/v7/internal/util/safe.go
vendor/github.com/go-redis/redis/v7/internal/util/unsafe.go
vendor/github.com/go-redis/redis/v7/redis.go
vendor/github.com/go-redis/redis/v8/commands.go
vendor/github.com/go-redis/redis/v8/internal/once.go
vendor/github.com/go-redis/redis/v8/internal/proto/scan.go
vendor/github.com/go-redis/redis/v8/options.go
vendor/github.com/go-redis/redis/v8/redis.go
vendor/github.com/go-stack/stack/stack.go
vendor/github.com/gobeam/stringy/stringy.go
vendor/github.com/golang/snappy/decode_asm.go
vendor/github.com/golang/snappy/decode_other.go
vendor/github.com/golang/snappy/encode_asm.go
vendor/github.com/golang/snappy/encode_other.go
vendor/github.com/google/gnostic-models/jsonschema/base.go
vendor/github.com/google/gofuzz/fuzz.go
vendor/github.com/google/uuid/dce.go
vendor/github.com/google/uuid/hash.go
vendor/github.com/google/uuid/node_js.go
vendor/github.com/google/uuid/node_net.go
vendor/github.com/google/uuid/null.go
vendor/github.com/google/uuid/uuid.go
vendor/github.com/google/uuid/version4.go
vendor/github.com/graphql-go/graphql/language/parser/parser.go
vendor/github.com/graphql-go/graphql/schema.go
vendor/github.com/graphql-go/graphql/util.go
vendor/github.com/hailocab/go-hostpool/epsilon_greedy.go
vendor/github.com/hashicorp/go-cleanhttp/doc.go
vendor/github.com/hashicorp/go-rootcerts/rootcerts_base.go
vendor/github.com/hashicorp/go-secure-stdlib/strutil/strutil.go
vendor/github.com/hashicorp/go-sockaddr/ifaddr.go
vendor/github.com/hashicorp/go-sockaddr/ifaddrs.go
vendor/github.com/hashicorp/go-sockaddr/ipv4addr.go
vendor/github.com/hashicorp/go-sockaddr/ipv6addr.go
vendor/github.com/hashicorp/go-sockaddr/route_info_android.go
vendor/github.com/hashicorp/go-uuid/uuid.go
vendor/github.com/jcmturner/dnsutils/v2/srv.go
vendor/github.com/jcmturner/gofork/encoding/asn1/asn1.go
vendor/github.com/jcmturner/gofork/encoding/asn1/marshal.go
vendor/github.com/jcmturner/gofork/x/crypto/pbkdf2/pbkdf2.go
vendor/github.com/json-iterator/go/iter_float.go
vendor/github.com/json-iterator/go/iter_skip_sloppy.go
vendor/github.com/json-iterator/go/iter_skip_strict.go
vendor/github.com/knadh/koanf/providers/posflag/posflag.go
vendor/github.com/labstack/gommon/log/color.go
vendor/github.com/labstack/gommon/log/white.go
vendor/github.com/lann/builder/registry.go
vendor/github.com/lovoo/goka/graph.go
vendor/github.com/matryer/try/doc.go
vendor/github.com/mattn/go-colorable/colorable_windows.go
vendor/github.com/mattn/go-isatty/isatty_windows.go
vendor/github.com/mitchellh/copystructure/copystructure.go
vendor/github.com/mitchellh/mapstructure/mapstructure.go
vendor/github.com/mitchellh/reflectwalk/reflectwalk.go
vendor/github.com/modern-go/concurrent/go_above_19.go
vendor/github.com/modern-go/concurrent/go_below_19.go
vendor/github.com/modern-go/concurrent/log.go
vendor/github.com/modern-go/concurrent/unbounded_executor.go
vendor/github.com/modern-go/reflect2/go_above_118.go
vendor/github.com/modern-go/reflect2/go_above_19.go
vendor/github.com/modern-go/reflect2/go_below_118.go
vendor/github.com/modern-go/reflect2/reflect2.go
vendor/github.com/modern-go/reflect2/type_map.go
vendor/github.com/modern-go/reflect2/unsafe_link.go
vendor/github.com/nats-io/nats-server/v2/server/disk_avail_solaris.go
vendor/github.com/outcaste-io/ristretto/z/calloc_32bit.go
vendor/github.com/outcaste-io/ristretto/z/calloc_64bit.go
vendor/github.com/outcaste-io/ristretto/z/calloc_nojemalloc.go
vendor/github.com/outcaste-io/ristretto/z/file_default.go
vendor/github.com/outcaste-io/ristretto/z/mmap_windows.go
vendor/github.com/outcaste-io/ristretto/z/rtutil.go
vendor/github.com/outcaste-io/ristretto/z/simd/search.go
vendor/github.com/outcaste-io/ristretto/z/z.go
vendor/github.com/pelletier/go-toml/doc.go
vendor/github.com/pelletier/go-toml/fuzz.go
vendor/github.com/pelletier/go-toml/localtime.go
vendor/github.com/pelletier/go-toml/marshal.go
vendor/github.com/pelletier/go-toml/tomltree_write.go
vendor/github.com/pierrec/lz4/v4/compressing_reader.go
vendor/github.com/pierrec/lz4/v4/internal/lz4stream/frame_gen.go
vendor/github.com/pierrec/lz4/v4/internal/xxh32/xxh32zero_arm.go
vendor/github.com/pierrec/lz4/v4/internal/xxh32/xxh32zero_other.go
vendor/github.com/pkg/errors/errors.go
vendor/github.com/pkg/errors/go113.go
vendor/github.com/pkg/errors/stack.go
vendor/github.com/pmezard/go-difflib/difflib/difflib.go
vendor/github.com/ravernkoh/cwlogsfmt/cwlogsfmt.go
vendor/github.com/rcrowley/go-metrics/runtime_cgo.go
vendor/github.com/rcrowley/go-metrics/runtime_gccpufraction.go
vendor/github.com/rcrowley/go-metrics/runtime_no_cgo.go
vendor/github.com/rcrowley/go-metrics/runtime_no_gccpufraction.go
vendor/github.com/rcrowley/go-metrics/syslog.go
vendor/github.com/richardartoul/molecule/src/protowire/wire.go
vendor/github.com/rs/zerolog/encoder_cbor.go
vendor/github.com/rs/zerolog/encoder_json.go
vendor/github.com/rs/zerolog/go112.go
vendor/github.com/rs/zerolog/not_go112.go
vendor/github.com/rs/zerolog/syslog.go
vendor/github.com/shamaton/msgpack/v2/internal/stream/decoding/string.go
vendor/github.com/sirupsen/logrus/doc.go
vendor/github.com/sirupsen/logrus/formatter.go
vendor/github.com/sirupsen/logrus/hooks/syslog/syslog.go
vendor/github.com/sirupsen/logrus/terminal_check_appengine.go
vendor/github.com/sirupsen/logrus/terminal_check_bsd.go
vendor/github.com/sirupsen/logrus/terminal_check_js.go
vendor/github.com/sirupsen/logrus/terminal_check_no_terminal.go
vendor/github.com/sirupsen/logrus/terminal_check_notappengine.go
vendor/github.com/sirupsen/logrus/terminal_check_windows.go
vendor/github.com/spaolacci/murmur3/murmur.go
vendor/github.com/spaolacci/murmur3/murmur128.go
vendor/github.com/spaolacci/murmur3/murmur32.go
vendor/github.com/spaolacci/murmur3/murmur64.go
vendor/github.com/spf13/pflag/golangflag.go
vendor/github.com/spf13/pflag/string_slice.go
vendor/github.com/syndtr/goleveldb/leveldb/db.go
vendor/github.com/syndtr/goleveldb/leveldb/doc.go
vendor/github.com/syndtr/goleveldb/leveldb/journal/journal.go
vendor/github.com/syndtr/goleveldb/leveldb/opt/options.go
vendor/github.com/trailofbits/go-mutexasserts/asserts_debug.go
vendor/github.com/trailofbits/go-mutexasserts/asserts_prod.go
vendor/github.com/twitchyliquid64/golang-asm/asm/arch/arch.go
vendor/github.com/twitchyliquid64/golang-asm/asm/arch/arm64.go
vendor/github.com/twitchyliquid64/golang-asm/bio/buf_mmap.go
vendor/github.com/twitchyliquid64/golang-asm/bio/buf_nommap.go
vendor/github.com/twitchyliquid64/golang-asm/dwarf/dwarf.go
vendor/github.com/twitchyliquid64/golang-asm/goobj/funcinfo.go
vendor/github.com/twitchyliquid64/golang-asm/goobj/objfile.go
vendor/github.com/twitchyliquid64/golang-asm/obj/arm/asm5.go
vendor/github.com/twitchyliquid64/golang-asm/obj/arm/list5.go
vendor/github.com/twitchyliquid64/golang-asm/obj/arm64/asm7.go
vendor/github.com/twitchyliquid64/golang-asm/obj/arm64/doc.go
vendor/github.com/twitchyliquid64/golang-asm/obj/arm64/list7.go
vendor/github.com/twitchyliquid64/golang-asm/obj/dwarf.go
vendor/github.com/twitchyliquid64/golang-asm/obj/inl.go
vendor/github.com/twitchyliquid64/golang-asm/obj/link.go
vendor/github.com/twitchyliquid64/golang-asm/obj/mips/asm0.go
vendor/github.com/twitchyliquid64/golang-asm/obj/mips/list0.go
vendor/github.com/twitchyliquid64/golang-asm/obj/mips/obj0.go
vendor/github.com/twitchyliquid64/golang-asm/obj/objfile.go
vendor/github.com/twitchyliquid64/golang-asm/obj/pcln.go
vendor/github.com/twitchyliquid64/golang-asm/obj/plist.go
vendor/github.com/twitchyliquid64/golang-asm/obj/ppc64/asm9.go
vendor/github.com/twitchyliquid64/golang-asm/obj/ppc64/doc.go
vendor/github.com/twitchyliquid64/golang-asm/obj/ppc64/list9.go
vendor/github.com/twitchyliquid64/golang-asm/obj/ppc64/obj9.go
vendor/github.com/twitchyliquid64/golang-asm/obj/riscv/cpu.go
vendor/github.com/twitchyliquid64/golang-asm/obj/riscv/obj.go
vendor/github.com/twitchyliquid64/golang-asm/obj/s390x/asmz.go
vendor/github.com/twitchyliquid64/golang-asm/obj/s390x/listz.go
vendor/github.com/twitchyliquid64/golang-asm/obj/sym.go
vendor/github.com/twitchyliquid64/golang-asm/obj/util.go
vendor/github.com/twitchyliquid64/golang-asm/obj/wasm/wasmobj.go
vendor/github.com/twitchyliquid64/golang-asm/obj/x86/asm6.go
vendor/github.com/twitchyliquid64/golang-asm/obj/x86/evex.go
vendor/github.com/twitchyliquid64/golang-asm/obj/x86/list6.go
vendor/github.com/twitchyliquid64/golang-asm/objabi/symkind.go
vendor/github.com/twitchyliquid64/golang-asm/src/pos.go
vendor/github.com/valyala/fasttemplate/template.go
vendor/github.com/valyala/fasttemplate/unsafe.go
vendor/github.com/valyala/fasttemplate/unsafe_gae.go
vendor/github.com/vmihailenco/msgpack/v5/safe.go
vendor/github.com/vmihailenco/msgpack/v5/unsafe.go
vendor/github.com/vmihailenco/tagparser/v2/internal/safe.go
vendor/github.com/vmihailenco/tagparser/v2/internal/unsafe.go
vendor/github.com/xdg-go/pbkdf2/pbkdf2.go
vendor/github.com/youmark/pkcs8/kdf_pbkdf2.go
vendor/github.com/yusufpapurcu/wmi/wmi.go
vendor/go.opentelemetry.io/otel/semconv/v1.30.0/attribute_group.go
vendor/go.opentelemetry.io/otel/semconv/v1.30.0/metric.go
vendor/go.opentelemetry.io/otel/semconv/v1.37.0/attribute_group.go
vendor/go.opentelemetry.io/otel/semconv/v1.40.0/attribute_group.go
vendor/go.opentelemetry.io/otel/semconv/v1.40.0/httpconv/metric.go
vendor/go.opentelemetry.io/proto/otlp/metrics/v1/metrics.pb.go
vendor/go.opentelemetry.io/proto/otlp/trace/v1/trace.pb.go
vendor/go.yaml.in/yaml/v2/apic.go
vendor/go.yaml.in/yaml/v2/emitterc.go
vendor/go.yaml.in/yaml/v2/parserc.go
vendor/go.yaml.in/yaml/v2/readerc.go
vendor/go.yaml.in/yaml/v2/resolve.go
vendor/go.yaml.in/yaml/v2/scannerc.go
vendor/go.yaml.in/yaml/v2/sorter.go
vendor/go.yaml.in/yaml/v2/yaml.go
vendor/go.yaml.in/yaml/v2/yamlh.go
vendor/gopkg.in/inf.v0/dec.go
vendor/gopkg.in/inf.v0/rounder.go
vendor/gopkg.in/matryer/try.v1/doc.go
vendor/gopkg.in/natefinch/lumberjack.v2/chown.go
vendor/gopkg.in/natefinch/lumberjack.v2/lumberjack.go
vendor/gopkg.in/yaml.v3/apic.go
vendor/gopkg.in/yaml.v3/emitterc.go
vendor/gopkg.in/yaml.v3/parserc.go
vendor/gopkg.in/yaml.v3/readerc.go
vendor/gopkg.in/yaml.v3/scannerc.go
vendor/gopkg.in/yaml.v3/writerc.go
vendor/gopkg.in/yaml.v3/yaml.go
vendor/gopkg.in/yaml.v3/yamlh.go
vendor/gopkg.in/yaml.v3/yamlprivateh.go
vendor/k8s.io/apimachinery/third_party/forked/golang/json/fields.go
vendor/k8s.io/klog/v2/klog.go
